2014-02-24 04:37:28 DEBUG cinder.utils [-]  backend <module 'cinder.db.sqlalchemy.migration' from '/usr/lib/python2.7/dist-packages/cinder/db/sqlalchemy/migration.pyc'> __get_backend /usr/lib/python2.7/dist-packages/cinder/utils.py:429
2014-02-24 04:37:28 DEBUG migrate.versioning.repository [-]  Loading repository /usr/lib/python2.7/dist-packages/cinder/db/sqlalchemy/migrate_repo... __init__ /usr/lib/python2.7/dist-packages/migrate/versioning/repository.py:76
2014-02-24 04:37:28 DEBUG migrate.versioning.script.base [-]  Loading script /usr/lib/python2.7/dist-packages/cinder/db/sqlalchemy/migrate_repo/versions/001_cinder_init.py... __init__ /usr/lib/python2.7/dist-packages/migrate/versioning/script/base.py:27
2014-02-24 04:37:28 DEBUG migrate.versioning.script.base [-]  Script /usr/lib/python2.7/dist-packages/cinder/db/sqlalchemy/migrate_repo/versions/001_cinder_init.py loaded successfully __init__ /usr/lib/python2.7/dist-packages/migrate/versioning/script/base.py:30
2014-02-24 04:37:28 DEBUG migrate.versioning.script.base [-]  Loading script /usr/lib/python2.7/dist-packages/cinder/db/sqlalchemy/migrate_repo/versions/002_quota_class.py... __init__ /usr/lib/python2.7/dist-packages/migrate/versioning/script/base.py:27
2014-02-24 04:37:28 DEBUG migrate.versioning.script.base [-]  Script /usr/lib/python2.7/dist-packages/cinder/db/sqlalchemy/migrate_repo/versions/002_quota_class.py loaded successfully __init__ /usr/lib/python2.7/dist-packages/migrate/versioning/script/base.py:30
2014-02-24 04:37:28 DEBUG migrate.versioning.script.base [-]  Loading script /usr/lib/python2.7/dist-packages/cinder/db/sqlalchemy/migrate_repo/versions/003_glance_metadata.py... __init__ /usr/lib/python2.7/dist-packages/migrate/versioning/script/base.py:27
2014-02-24 04:37:28 DEBUG migrate.versioning.script.base [-]  Script /usr/lib/python2.7/dist-packages/cinder/db/sqlalchemy/migrate_repo/versions/003_glance_metadata.py loaded successfully __init__ /usr/lib/python2.7/dist-packages/migrate/versioning/script/base.py:30
2014-02-24 04:37:28 DEBUG migrate.versioning.script.base [-]  Loading script /usr/lib/python2.7/dist-packages/cinder/db/sqlalchemy/migrate_repo/versions/004_volume_type_to_uuid.py... __init__ /usr/lib/python2.7/dist-packages/migrate/versioning/script/base.py:27
2014-02-24 04:37:28 DEBUG migrate.versioning.script.base [-]  Script /usr/lib/python2.7/dist-packages/cinder/db/sqlalchemy/migrate_repo/versions/004_volume_type_to_uuid.py loaded successfully __init__ /usr/lib/python2.7/dist-packages/migrate/versioning/script/base.py:30
2014-02-24 04:37:28 DEBUG migrate.versioning.script.base [-]  Loading script /usr/lib/python2.7/dist-packages/cinder/db/sqlalchemy/migrate_repo/versions/005_sqlite_downgrade.sql... __init__ /usr/lib/python2.7/dist-packages/migrate/versioning/script/base.py:27
2014-02-24 04:37:28 DEBUG migrate.versioning.script.base [-]  Script /usr/lib/python2.7/dist-packages/cinder/db/sqlalchemy/migrate_repo/versions/005_sqlite_downgrade.sql loaded successfully __init__ /usr/lib/python2.7/dist-packages/migrate/versioning/script/base.py:30
2014-02-24 04:37:28 DEBUG migrate.versioning.script.base [-]  Loading script /usr/lib/python2.7/dist-packages/cinder/db/sqlalchemy/migrate_repo/versions/005_add_source_volume_column.py... __init__ /usr/lib/python2.7/dist-packages/migrate/versioning/script/base.py:27
2014-02-24 04:37:28 DEBUG migrate.versioning.script.base [-]  Script /usr/lib/python2.7/dist-packages/cinder/db/sqlalchemy/migrate_repo/versions/005_add_source_volume_column.py loaded successfully __init__ /usr/lib/python2.7/dist-packages/migrate/versioning/script/base.py:30
2014-02-24 04:37:28 DEBUG migrate.versioning.script.base [-]  Loading script /usr/lib/python2.7/dist-packages/cinder/db/sqlalchemy/migrate_repo/versions/006_snapshots_add_provider_location.py... __init__ /usr/lib/python2.7/dist-packages/migrate/versioning/script/base.py:27
2014-02-24 04:37:28 DEBUG migrate.versioning.script.base [-]  Script /usr/lib/python2.7/dist-packages/cinder/db/sqlalchemy/migrate_repo/versions/006_snapshots_add_provider_location.py loaded successfully __init__ /usr/lib/python2.7/dist-packages/migrate/versioning/script/base.py:30
2014-02-24 04:37:28 DEBUG migrate.versioning.script.base [-]  Loading script /usr/lib/python2.7/dist-packages/cinder/db/sqlalchemy/migrate_repo/versions/007_sqlite_downgrade.sql... __init__ /usr/lib/python2.7/dist-packages/migrate/versioning/script/base.py:27
2014-02-24 04:37:28 DEBUG migrate.versioning.script.base [-]  Script /usr/lib/python2.7/dist-packages/cinder/db/sqlalchemy/migrate_repo/versions/007_sqlite_downgrade.sql loaded successfully __init__ /usr/lib/python2.7/dist-packages/migrate/versioning/script/base.py:30
2014-02-24 04:37:28 DEBUG migrate.versioning.script.base [-]  Loading script /usr/lib/python2.7/dist-packages/cinder/db/sqlalchemy/migrate_repo/versions/007_add_volume_snapshot_fk.py... __init__ /usr/lib/python2.7/dist-packages/migrate/versioning/script/base.py:27
2014-02-24 04:37:28 DEBUG migrate.versioning.script.base [-]  Script /usr/lib/python2.7/dist-packages/cinder/db/sqlalchemy/migrate_repo/versions/007_add_volume_snapshot_fk.py loaded successfully __init__ /usr/lib/python2.7/dist-packages/migrate/versioning/script/base.py:30
2014-02-24 04:37:28 DEBUG migrate.versioning.script.base [-]  Loading script /usr/lib/python2.7/dist-packages/cinder/db/sqlalchemy/migrate_repo/versions/008_add_backup.py... __init__ /usr/lib/python2.7/dist-packages/migrate/versioning/script/base.py:27
2014-02-24 04:37:28 DEBUG migrate.versioning.script.base [-]  Script /usr/lib/python2.7/dist-packages/cinder/db/sqlalchemy/migrate_repo/versions/008_add_backup.py loaded successfully __init__ /usr/lib/python2.7/dist-packages/migrate/versioning/script/base.py:30
2014-02-24 04:37:28 DEBUG migrate.versioning.script.base [-]  Loading script /usr/lib/python2.7/dist-packages/cinder/db/sqlalchemy/migrate_repo/versions/009_add_snapshot_metadata_table.py... __init__ /usr/lib/python2.7/dist-packages/migrate/versioning/script/base.py:27
2014-02-24 04:37:28 DEBUG migrate.versioning.script.base [-]  Script /usr/lib/python2.7/dist-packages/cinder/db/sqlalchemy/migrate_repo/versions/009_add_snapshot_metadata_table.py loaded successfully __init__ /usr/lib/python2.7/dist-packages/migrate/versioning/script/base.py:30
2014-02-24 04:37:28 DEBUG migrate.versioning.script.base [-]  Loading script /usr/lib/python2.7/dist-packages/cinder/db/sqlalchemy/migrate_repo/versions/010_add_transfers_table.py... __init__ /usr/lib/python2.7/dist-packages/migrate/versioning/script/base.py:27
2014-02-24 04:37:28 DEBUG migrate.versioning.script.base [-]  Script /usr/lib/python2.7/dist-packages/cinder/db/sqlalchemy/migrate_repo/versions/010_add_transfers_table.py loaded successfully __init__ /usr/lib/python2.7/dist-packages/migrate/versioning/script/base.py:30
2014-02-24 04:37:28 DEBUG migrate.versioning.script.base [-]  Loading script /usr/lib/python2.7/dist-packages/cinder/db/sqlalchemy/migrate_repo/versions/011_sqlite_downgrade.sql... __init__ /usr/lib/python2.7/dist-packages/migrate/versioning/script/base.py:27
2014-02-24 04:37:28 DEBUG migrate.versioning.script.base [-]  Script /usr/lib/python2.7/dist-packages/cinder/db/sqlalchemy/migrate_repo/versions/011_sqlite_downgrade.sql loaded successfully __init__ /usr/lib/python2.7/dist-packages/migrate/versioning/script/base.py:30
2014-02-24 04:37:28 DEBUG migrate.versioning.script.base [-]  Loading script /usr/lib/python2.7/dist-packages/cinder/db/sqlalchemy/migrate_repo/versions/011_add_bootable_column.py... __init__ /usr/lib/python2.7/dist-packages/migrate/versioning/script/base.py:27
2014-02-24 04:37:28 DEBUG migrate.versioning.script.base [-]  Script /usr/lib/python2.7/dist-packages/cinder/db/sqlalchemy/migrate_repo/versions/011_add_bootable_column.py loaded successfully __init__ /usr/lib/python2.7/dist-packages/migrate/versioning/script/base.py:30
2014-02-24 04:37:28 DEBUG migrate.versioning.script.base [-]  Loading script /usr/lib/python2.7/dist-packages/cinder/db/sqlalchemy/migrate_repo/versions/012_add_attach_host_column.py... __init__ /usr/lib/python2.7/dist-packages/migrate/versioning/script/base.py:27
2014-02-24 04:37:28 DEBUG migrate.versioning.script.base [-]  Script /usr/lib/python2.7/dist-packages/cinder/db/sqlalchemy/migrate_repo/versions/012_add_attach_host_column.py loaded successfully __init__ /usr/lib/python2.7/dist-packages/migrate/versioning/script/base.py:30
2014-02-24 04:37:28 DEBUG migrate.versioning.script.base [-]  Loading script /usr/lib/python2.7/dist-packages/cinder/db/sqlalchemy/migrate_repo/versions/012_sqlite_downgrade.sql... __init__ /usr/lib/python2.7/dist-packages/migrate/versioning/script/base.py:27
2014-02-24 04:37:28 DEBUG migrate.versioning.script.base [-]  Script /usr/lib/python2.7/dist-packages/cinder/db/sqlalchemy/migrate_repo/versions/012_sqlite_downgrade.sql loaded successfully __init__ /usr/lib/python2.7/dist-packages/migrate/versioning/script/base.py:30
2014-02-24 04:37:28 DEBUG migrate.versioning.script.base [-]  Loading script /usr/lib/python2.7/dist-packages/cinder/db/sqlalchemy/migrate_repo/versions/013_add_provider_geometry_column.py... __init__ /usr/lib/python2.7/dist-packages/migrate/versioning/script/base.py:27
2014-02-24 04:37:28 DEBUG migrate.versioning.script.base [-]  Script /usr/lib/python2.7/dist-packages/cinder/db/sqlalchemy/migrate_repo/versions/013_add_provider_geometry_column.py loaded successfully __init__ /usr/lib/python2.7/dist-packages/migrate/versioning/script/base.py:30
2014-02-24 04:37:28 DEBUG migrate.versioning.script.base [-]  Loading script /usr/lib/python2.7/dist-packages/cinder/db/sqlalchemy/migrate_repo/versions/013_sqlite_downgrade.sql... __init__ /usr/lib/python2.7/dist-packages/migrate/versioning/script/base.py:27
2014-02-24 04:37:28 DEBUG migrate.versioning.script.base [-]  Script /usr/lib/python2.7/dist-packages/cinder/db/sqlalchemy/migrate_repo/versions/013_sqlite_downgrade.sql loaded successfully __init__ /usr/lib/python2.7/dist-packages/migrate/versioning/script/base.py:30
2014-02-24 04:37:28 DEBUG migrate.versioning.script.base [-]  Loading script /usr/lib/python2.7/dist-packages/cinder/db/sqlalchemy/migrate_repo/versions/014_add_name_id.py... __init__ /usr/lib/python2.7/dist-packages/migrate/versioning/script/base.py:27
2014-02-24 04:37:28 DEBUG migrate.versioning.script.base [-]  Script /usr/lib/python2.7/dist-packages/cinder/db/sqlalchemy/migrate_repo/versions/014_add_name_id.py loaded successfully __init__ /usr/lib/python2.7/dist-packages/migrate/versioning/script/base.py:30
2014-02-24 04:37:28 DEBUG migrate.versioning.script.base [-]  Loading script /usr/lib/python2.7/dist-packages/cinder/db/sqlalchemy/migrate_repo/versions/014_sqlite_downgrade.sql... __init__ /usr/lib/python2.7/dist-packages/migrate/versioning/script/base.py:27
2014-02-24 04:37:28 DEBUG migrate.versioning.script.base [-]  Script /usr/lib/python2.7/dist-packages/cinder/db/sqlalchemy/migrate_repo/versions/014_sqlite_downgrade.sql loaded successfully __init__ /usr/lib/python2.7/dist-packages/migrate/versioning/script/base.py:30
2014-02-24 04:37:28 DEBUG migrate.versioning.script.base [-]  Loading script /usr/lib/python2.7/dist-packages/cinder/db/sqlalchemy/migrate_repo/versions/015_drop_migrations_table.py... __init__ /usr/lib/python2.7/dist-packages/migrate/versioning/script/base.py:27
2014-02-24 04:37:28 DEBUG migrate.versioning.script.base [-]  Script /usr/lib/python2.7/dist-packages/cinder/db/sqlalchemy/migrate_repo/versions/015_drop_migrations_table.py loaded successfully __init__ /usr/lib/python2.7/dist-packages/migrate/versioning/script/base.py:30
2014-02-24 04:37:28 DEBUG migrate.versioning.script.base [-]  Loading script /usr/lib/python2.7/dist-packages/cinder/db/sqlalchemy/migrate_repo/versions/016_drop_sm_tables.py... __init__ /usr/lib/python2.7/dist-packages/migrate/versioning/script/base.py:27
2014-02-24 04:37:28 DEBUG migrate.versioning.script.base [-]  Script /usr/lib/python2.7/dist-packages/cinder/db/sqlalchemy/migrate_repo/versions/016_drop_sm_tables.py loaded successfully __init__ /usr/lib/python2.7/dist-packages/migrate/versioning/script/base.py:30
2014-02-24 04:37:28 DEBUG migrate.versioning.script.base [-]  Loading script /usr/lib/python2.7/dist-packages/cinder/db/sqlalchemy/migrate_repo/versions/017_add_encryption_information.py... __init__ /usr/lib/python2.7/dist-packages/migrate/versioning/script/base.py:27
2014-02-24 04:37:28 DEBUG migrate.versioning.script.base [-]  Script /usr/lib/python2.7/dist-packages/cinder/db/sqlalchemy/migrate_repo/versions/017_add_encryption_information.py loaded successfully __init__ /usr/lib/python2.7/dist-packages/migrate/versioning/script/base.py:30
2014-02-24 04:37:28 DEBUG migrate.versioning.script.base [-]  Loading script /usr/lib/python2.7/dist-packages/cinder/db/sqlalchemy/migrate_repo/versions/018_add_qos_specs.py... __init__ /usr/lib/python2.7/dist-packages/migrate/versioning/script/base.py:27
2014-02-24 04:37:28 DEBUG migrate.versioning.script.base [-]  Script /usr/lib/python2.7/dist-packages/cinder/db/sqlalchemy/migrate_repo/versions/018_add_qos_specs.py loaded successfully __init__ /usr/lib/python2.7/dist-packages/migrate/versioning/script/base.py:30
2014-02-24 04:37:28 DEBUG migrate.versioning.script.base [-]  Loading script /usr/lib/python2.7/dist-packages/cinder/db/sqlalchemy/migrate_repo/versions/019_add_migration_status.py... __init__ /usr/lib/python2.7/dist-packages/migrate/versioning/script/base.py:27
2014-02-24 04:37:28 DEBUG migrate.versioning.script.base [-]  Script /usr/lib/python2.7/dist-packages/cinder/db/sqlalchemy/migrate_repo/versions/019_add_migration_status.py loaded successfully __init__ /usr/lib/python2.7/dist-packages/migrate/versioning/script/base.py:30
2014-02-24 04:37:28 DEBUG migrate.versioning.script.base [-]  Loading script /usr/lib/python2.7/dist-packages/cinder/db/sqlalchemy/migrate_repo/versions/020_add_volume_admin_metadata_table.py... __init__ /usr/lib/python2.7/dist-packages/migrate/versioning/script/base.py:27
2014-02-24 04:37:28 DEBUG migrate.versioning.script.base [-]  Script /usr/lib/python2.7/dist-packages/cinder/db/sqlalchemy/migrate_repo/versions/020_add_volume_admin_metadata_table.py loaded successfully __init__ /usr/lib/python2.7/dist-packages/migrate/versioning/script/base.py:30
2014-02-24 04:37:28 DEBUG migrate.versioning.repository [-]  Repository /usr/lib/python2.7/dist-packages/cinder/db/sqlalchemy/migrate_repo loaded successfully __init__ /usr/lib/python2.7/dist-packages/migrate/versioning/repository.py:82
2014-02-24 04:37:28 DEBUG migrate.versioning.repository [-]  Config: OrderedDict([('db_settings', OrderedDict([('__name__', 'db_settings'), ('repository_id', 'cinder'), ('version_table', 'migrate_version'), ('required_dbs', '[]')]))]) __init__ /usr/lib/python2.7/dist-packages/migrate/versioning/repository.py:83
2014-02-24 04:37:28 INFO migrate.versioning.api [-]  0 -> 1... 
2014-02-24 04:37:29 INFO migrate.versioning.api [-]  done
2014-02-24 04:37:29 INFO migrate.versioning.api [-]  1 -> 2... 
2014-02-24 04:37:29 INFO migrate.versioning.api [-]  done
2014-02-24 04:37:29 INFO migrate.versioning.api [-]  2 -> 3... 
2014-02-24 04:37:29 INFO migrate.versioning.api [-]  done
2014-02-24 04:37:29 INFO migrate.versioning.api [-]  3 -> 4... 
2014-02-24 04:37:29 INFO 004_volume_type_to_uuid [-]  Created foreign key volume_type_extra_specs_ibfk_1
2014-02-24 04:37:29 INFO migrate.versioning.api [-]  done
2014-02-24 04:37:29 INFO migrate.versioning.api [-]  4 -> 5... 
2014-02-24 04:37:29 INFO migrate.versioning.api [-]  done
2014-02-24 04:37:29 INFO migrate.versioning.api [-]  5 -> 6... 
2014-02-24 04:37:29 INFO migrate.versioning.api [-]  done
2014-02-24 04:37:29 INFO migrate.versioning.api [-]  6 -> 7... 
2014-02-24 04:37:29 INFO migrate.versioning.api [-]  done
2014-02-24 04:37:29 INFO migrate.versioning.api [-]  7 -> 8... 
2014-02-24 04:37:29 INFO migrate.versioning.api [-]  done
2014-02-24 04:37:29 INFO migrate.versioning.api [-]  8 -> 9... 
2014-02-24 04:37:29 INFO migrate.versioning.api [-]  done
2014-02-24 04:37:29 INFO migrate.versioning.api [-]  9 -> 10... 
2014-02-24 04:37:29 INFO migrate.versioning.api [-]  done
2014-02-24 04:37:29 INFO migrate.versioning.api [-]  10 -> 11... 
2014-02-24 04:37:29 INFO migrate.versioning.api [-]  done
2014-02-24 04:37:29 INFO migrate.versioning.api [-]  11 -> 12... 
2014-02-24 04:37:29 INFO migrate.versioning.api [-]  done
2014-02-24 04:37:29 INFO migrate.versioning.api [-]  12 -> 13... 
2014-02-24 04:37:29 INFO migrate.versioning.api [-]  done
2014-02-24 04:37:29 INFO migrate.versioning.api [-]  13 -> 14... 
2014-02-24 04:37:29 INFO migrate.versioning.api [-]  done
2014-02-24 04:37:29 INFO migrate.versioning.api [-]  14 -> 15... 
2014-02-24 04:37:29 INFO migrate.versioning.api [-]  done
2014-02-24 04:37:29 INFO migrate.versioning.api [-]  15 -> 16... 
2014-02-24 04:37:29 INFO migrate.versioning.api [-]  done
2014-02-24 04:37:29 INFO migrate.versioning.api [-]  16 -> 17... 
2014-02-24 04:37:29 INFO migrate.versioning.api [-]  done
2014-02-24 04:37:29 INFO migrate.versioning.api [-]  17 -> 18... 
2014-02-24 04:37:29 INFO migrate.versioning.api [-]  done
2014-02-24 04:37:29 INFO migrate.versioning.api [-]  18 -> 19... 
2014-02-24 04:37:29 INFO migrate.versioning.api [-]  done
2014-02-24 04:37:29 INFO migrate.versioning.api [-]  19 -> 20... 
2014-02-24 04:37:29 INFO migrate.versioning.api [-]  done
2014-02-24 04:42:10 DEBUG cinder.utils [-]  backend <module 'cinder.db.sqlalchemy.migration' from '/usr/lib/python2.7/dist-packages/cinder/db/sqlalchemy/migration.pyc'> __get_backend /usr/lib/python2.7/dist-packages/cinder/utils.py:429
2014-02-24 04:42:10 DEBUG migrate.versioning.repository [-]  Loading repository /usr/lib/python2.7/dist-packages/cinder/db/sqlalchemy/migrate_repo... __init__ /usr/lib/python2.7/dist-packages/migrate/versioning/repository.py:76
2014-02-24 04:42:10 DEBUG migrate.versioning.script.base [-]  Loading script /usr/lib/python2.7/dist-packages/cinder/db/sqlalchemy/migrate_repo/versions/001_cinder_init.py... __init__ /usr/lib/python2.7/dist-packages/migrate/versioning/script/base.py:27
2014-02-24 04:42:10 DEBUG migrate.versioning.script.base [-]  Script /usr/lib/python2.7/dist-packages/cinder/db/sqlalchemy/migrate_repo/versions/001_cinder_init.py loaded successfully __init__ /usr/lib/python2.7/dist-packages/migrate/versioning/script/base.py:30
2014-02-24 04:42:10 DEBUG migrate.versioning.script.base [-]  Loading script /usr/lib/python2.7/dist-packages/cinder/db/sqlalchemy/migrate_repo/versions/002_quota_class.py... __init__ /usr/lib/python2.7/dist-packages/migrate/versioning/script/base.py:27
2014-02-24 04:42:10 DEBUG migrate.versioning.script.base [-]  Script /usr/lib/python2.7/dist-packages/cinder/db/sqlalchemy/migrate_repo/versions/002_quota_class.py loaded successfully __init__ /usr/lib/python2.7/dist-packages/migrate/versioning/script/base.py:30
2014-02-24 04:42:10 DEBUG migrate.versioning.script.base [-]  Loading script /usr/lib/python2.7/dist-packages/cinder/db/sqlalchemy/migrate_repo/versions/003_glance_metadata.py... __init__ /usr/lib/python2.7/dist-packages/migrate/versioning/script/base.py:27
2014-02-24 04:42:10 DEBUG migrate.versioning.script.base [-]  Script /usr/lib/python2.7/dist-packages/cinder/db/sqlalchemy/migrate_repo/versions/003_glance_metadata.py loaded successfully __init__ /usr/lib/python2.7/dist-packages/migrate/versioning/script/base.py:30
2014-02-24 04:42:10 DEBUG migrate.versioning.script.base [-]  Loading script /usr/lib/python2.7/dist-packages/cinder/db/sqlalchemy/migrate_repo/versions/004_volume_type_to_uuid.py... __init__ /usr/lib/python2.7/dist-packages/migrate/versioning/script/base.py:27
2014-02-24 04:42:10 DEBUG migrate.versioning.script.base [-]  Script /usr/lib/python2.7/dist-packages/cinder/db/sqlalchemy/migrate_repo/versions/004_volume_type_to_uuid.py loaded successfully __init__ /usr/lib/python2.7/dist-packages/migrate/versioning/script/base.py:30
2014-02-24 04:42:10 DEBUG migrate.versioning.script.base [-]  Loading script /usr/lib/python2.7/dist-packages/cinder/db/sqlalchemy/migrate_repo/versions/005_sqlite_downgrade.sql... __init__ /usr/lib/python2.7/dist-packages/migrate/versioning/script/base.py:27
2014-02-24 04:42:10 DEBUG migrate.versioning.script.base [-]  Script /usr/lib/python2.7/dist-packages/cinder/db/sqlalchemy/migrate_repo/versions/005_sqlite_downgrade.sql loaded successfully __init__ /usr/lib/python2.7/dist-packages/migrate/versioning/script/base.py:30
2014-02-24 04:42:10 DEBUG migrate.versioning.script.base [-]  Loading script /usr/lib/python2.7/dist-packages/cinder/db/sqlalchemy/migrate_repo/versions/005_add_source_volume_column.py... __init__ /usr/lib/python2.7/dist-packages/migrate/versioning/script/base.py:27
2014-02-24 04:42:10 DEBUG migrate.versioning.script.base [-]  Script /usr/lib/python2.7/dist-packages/cinder/db/sqlalchemy/migrate_repo/versions/005_add_source_volume_column.py loaded successfully __init__ /usr/lib/python2.7/dist-packages/migrate/versioning/script/base.py:30
2014-02-24 04:42:10 DEBUG migrate.versioning.script.base [-]  Loading script /usr/lib/python2.7/dist-packages/cinder/db/sqlalchemy/migrate_repo/versions/006_snapshots_add_provider_location.py... __init__ /usr/lib/python2.7/dist-packages/migrate/versioning/script/base.py:27
2014-02-24 04:42:10 DEBUG migrate.versioning.script.base [-]  Script /usr/lib/python2.7/dist-packages/cinder/db/sqlalchemy/migrate_repo/versions/006_snapshots_add_provider_location.py loaded successfully __init__ /usr/lib/python2.7/dist-packages/migrate/versioning/script/base.py:30
2014-02-24 04:42:10 DEBUG migrate.versioning.script.base [-]  Loading script /usr/lib/python2.7/dist-packages/cinder/db/sqlalchemy/migrate_repo/versions/007_sqlite_downgrade.sql... __init__ /usr/lib/python2.7/dist-packages/migrate/versioning/script/base.py:27
2014-02-24 04:42:10 DEBUG migrate.versioning.script.base [-]  Script /usr/lib/python2.7/dist-packages/cinder/db/sqlalchemy/migrate_repo/versions/007_sqlite_downgrade.sql loaded successfully __init__ /usr/lib/python2.7/dist-packages/migrate/versioning/script/base.py:30
2014-02-24 04:42:10 DEBUG migrate.versioning.script.base [-]  Loading script /usr/lib/python2.7/dist-packages/cinder/db/sqlalchemy/migrate_repo/versions/007_add_volume_snapshot_fk.py... __init__ /usr/lib/python2.7/dist-packages/migrate/versioning/script/base.py:27
2014-02-24 04:42:10 DEBUG migrate.versioning.script.base [-]  Script /usr/lib/python2.7/dist-packages/cinder/db/sqlalchemy/migrate_repo/versions/007_add_volume_snapshot_fk.py loaded successfully __init__ /usr/lib/python2.7/dist-packages/migrate/versioning/script/base.py:30
2014-02-24 04:42:10 DEBUG migrate.versioning.script.base [-]  Loading script /usr/lib/python2.7/dist-packages/cinder/db/sqlalchemy/migrate_repo/versions/008_add_backup.py... __init__ /usr/lib/python2.7/dist-packages/migrate/versioning/script/base.py:27
2014-02-24 04:42:10 DEBUG migrate.versioning.script.base [-]  Script /usr/lib/python2.7/dist-packages/cinder/db/sqlalchemy/migrate_repo/versions/008_add_backup.py loaded successfully __init__ /usr/lib/python2.7/dist-packages/migrate/versioning/script/base.py:30
2014-02-24 04:42:10 DEBUG migrate.versioning.script.base [-]  Loading script /usr/lib/python2.7/dist-packages/cinder/db/sqlalchemy/migrate_repo/versions/009_add_snapshot_metadata_table.py... __init__ /usr/lib/python2.7/dist-packages/migrate/versioning/script/base.py:27
2014-02-24 04:42:10 DEBUG migrate.versioning.script.base [-]  Script /usr/lib/python2.7/dist-packages/cinder/db/sqlalchemy/migrate_repo/versions/009_add_snapshot_metadata_table.py loaded successfully __init__ /usr/lib/python2.7/dist-packages/migrate/versioning/script/base.py:30
2014-02-24 04:42:10 DEBUG migrate.versioning.script.base [-]  Loading script /usr/lib/python2.7/dist-packages/cinder/db/sqlalchemy/migrate_repo/versions/010_add_transfers_table.py... __init__ /usr/lib/python2.7/dist-packages/migrate/versioning/script/base.py:27
2014-02-24 04:42:10 DEBUG migrate.versioning.script.base [-]  Script /usr/lib/python2.7/dist-packages/cinder/db/sqlalchemy/migrate_repo/versions/010_add_transfers_table.py loaded successfully __init__ /usr/lib/python2.7/dist-packages/migrate/versioning/script/base.py:30
2014-02-24 04:42:10 DEBUG migrate.versioning.script.base [-]  Loading script /usr/lib/python2.7/dist-packages/cinder/db/sqlalchemy/migrate_repo/versions/011_sqlite_downgrade.sql... __init__ /usr/lib/python2.7/dist-packages/migrate/versioning/script/base.py:27
2014-02-24 04:42:10 DEBUG migrate.versioning.script.base [-]  Script /usr/lib/python2.7/dist-packages/cinder/db/sqlalchemy/migrate_repo/versions/011_sqlite_downgrade.sql loaded successfully __init__ /usr/lib/python2.7/dist-packages/migrate/versioning/script/base.py:30
2014-02-24 04:42:10 DEBUG migrate.versioning.script.base [-]  Loading script /usr/lib/python2.7/dist-packages/cinder/db/sqlalchemy/migrate_repo/versions/011_add_bootable_column.py... __init__ /usr/lib/python2.7/dist-packages/migrate/versioning/script/base.py:27
2014-02-24 04:42:10 DEBUG migrate.versioning.script.base [-]  Script /usr/lib/python2.7/dist-packages/cinder/db/sqlalchemy/migrate_repo/versions/011_add_bootable_column.py loaded successfully __init__ /usr/lib/python2.7/dist-packages/migrate/versioning/script/base.py:30
2014-02-24 04:42:10 DEBUG migrate.versioning.script.base [-]  Loading script /usr/lib/python2.7/dist-packages/cinder/db/sqlalchemy/migrate_repo/versions/012_add_attach_host_column.py... __init__ /usr/lib/python2.7/dist-packages/migrate/versioning/script/base.py:27
2014-02-24 04:42:10 DEBUG migrate.versioning.script.base [-]  Script /usr/lib/python2.7/dist-packages/cinder/db/sqlalchemy/migrate_repo/versions/012_add_attach_host_column.py loaded successfully __init__ /usr/lib/python2.7/dist-packages/migrate/versioning/script/base.py:30
2014-02-24 04:42:10 DEBUG migrate.versioning.script.base [-]  Loading script /usr/lib/python2.7/dist-packages/cinder/db/sqlalchemy/migrate_repo/versions/012_sqlite_downgrade.sql... __init__ /usr/lib/python2.7/dist-packages/migrate/versioning/script/base.py:27
2014-02-24 04:42:10 DEBUG migrate.versioning.script.base [-]  Script /usr/lib/python2.7/dist-packages/cinder/db/sqlalchemy/migrate_repo/versions/012_sqlite_downgrade.sql loaded successfully __init__ /usr/lib/python2.7/dist-packages/migrate/versioning/script/base.py:30
2014-02-24 04:42:10 DEBUG migrate.versioning.script.base [-]  Loading script /usr/lib/python2.7/dist-packages/cinder/db/sqlalchemy/migrate_repo/versions/013_add_provider_geometry_column.py... __init__ /usr/lib/python2.7/dist-packages/migrate/versioning/script/base.py:27
2014-02-24 04:42:10 DEBUG migrate.versioning.script.base [-]  Script /usr/lib/python2.7/dist-packages/cinder/db/sqlalchemy/migrate_repo/versions/013_add_provider_geometry_column.py loaded successfully __init__ /usr/lib/python2.7/dist-packages/migrate/versioning/script/base.py:30
2014-02-24 04:42:10 DEBUG migrate.versioning.script.base [-]  Loading script /usr/lib/python2.7/dist-packages/cinder/db/sqlalchemy/migrate_repo/versions/013_sqlite_downgrade.sql... __init__ /usr/lib/python2.7/dist-packages/migrate/versioning/script/base.py:27
2014-02-24 04:42:10 DEBUG migrate.versioning.script.base [-]  Script /usr/lib/python2.7/dist-packages/cinder/db/sqlalchemy/migrate_repo/versions/013_sqlite_downgrade.sql loaded successfully __init__ /usr/lib/python2.7/dist-packages/migrate/versioning/script/base.py:30
2014-02-24 04:42:10 DEBUG migrate.versioning.script.base [-]  Loading script /usr/lib/python2.7/dist-packages/cinder/db/sqlalchemy/migrate_repo/versions/014_add_name_id.py... __init__ /usr/lib/python2.7/dist-packages/migrate/versioning/script/base.py:27
2014-02-24 04:42:10 DEBUG migrate.versioning.script.base [-]  Script /usr/lib/python2.7/dist-packages/cinder/db/sqlalchemy/migrate_repo/versions/014_add_name_id.py loaded successfully __init__ /usr/lib/python2.7/dist-packages/migrate/versioning/script/base.py:30
2014-02-24 04:42:10 DEBUG migrate.versioning.script.base [-]  Loading script /usr/lib/python2.7/dist-packages/cinder/db/sqlalchemy/migrate_repo/versions/014_sqlite_downgrade.sql... __init__ /usr/lib/python2.7/dist-packages/migrate/versioning/script/base.py:27
2014-02-24 04:42:10 DEBUG migrate.versioning.script.base [-]  Script /usr/lib/python2.7/dist-packages/cinder/db/sqlalchemy/migrate_repo/versions/014_sqlite_downgrade.sql loaded successfully __init__ /usr/lib/python2.7/dist-packages/migrate/versioning/script/base.py:30
2014-02-24 04:42:10 DEBUG migrate.versioning.script.base [-]  Loading script /usr/lib/python2.7/dist-packages/cinder/db/sqlalchemy/migrate_repo/versions/015_drop_migrations_table.py... __init__ /usr/lib/python2.7/dist-packages/migrate/versioning/script/base.py:27
2014-02-24 04:42:10 DEBUG migrate.versioning.script.base [-]  Script /usr/lib/python2.7/dist-packages/cinder/db/sqlalchemy/migrate_repo/versions/015_drop_migrations_table.py loaded successfully __init__ /usr/lib/python2.7/dist-packages/migrate/versioning/script/base.py:30
2014-02-24 04:42:10 DEBUG migrate.versioning.script.base [-]  Loading script /usr/lib/python2.7/dist-packages/cinder/db/sqlalchemy/migrate_repo/versions/016_drop_sm_tables.py... __init__ /usr/lib/python2.7/dist-packages/migrate/versioning/script/base.py:27
2014-02-24 04:42:10 DEBUG migrate.versioning.script.base [-]  Script /usr/lib/python2.7/dist-packages/cinder/db/sqlalchemy/migrate_repo/versions/016_drop_sm_tables.py loaded successfully __init__ /usr/lib/python2.7/dist-packages/migrate/versioning/script/base.py:30
2014-02-24 04:42:10 DEBUG migrate.versioning.script.base [-]  Loading script /usr/lib/python2.7/dist-packages/cinder/db/sqlalchemy/migrate_repo/versions/017_add_encryption_information.py... __init__ /usr/lib/python2.7/dist-packages/migrate/versioning/script/base.py:27
2014-02-24 04:42:10 DEBUG migrate.versioning.script.base [-]  Script /usr/lib/python2.7/dist-packages/cinder/db/sqlalchemy/migrate_repo/versions/017_add_encryption_information.py loaded successfully __init__ /usr/lib/python2.7/dist-packages/migrate/versioning/script/base.py:30
2014-02-24 04:42:10 DEBUG migrate.versioning.script.base [-]  Loading script /usr/lib/python2.7/dist-packages/cinder/db/sqlalchemy/migrate_repo/versions/018_add_qos_specs.py... __init__ /usr/lib/python2.7/dist-packages/migrate/versioning/script/base.py:27
2014-02-24 04:42:10 DEBUG migrate.versioning.script.base [-]  Script /usr/lib/python2.7/dist-packages/cinder/db/sqlalchemy/migrate_repo/versions/018_add_qos_specs.py loaded successfully __init__ /usr/lib/python2.7/dist-packages/migrate/versioning/script/base.py:30
2014-02-24 04:42:10 DEBUG migrate.versioning.script.base [-]  Loading script /usr/lib/python2.7/dist-packages/cinder/db/sqlalchemy/migrate_repo/versions/019_add_migration_status.py... __init__ /usr/lib/python2.7/dist-packages/migrate/versioning/script/base.py:27
2014-02-24 04:42:10 DEBUG migrate.versioning.script.base [-]  Script /usr/lib/python2.7/dist-packages/cinder/db/sqlalchemy/migrate_repo/versions/019_add_migration_status.py loaded successfully __init__ /usr/lib/python2.7/dist-packages/migrate/versioning/script/base.py:30
2014-02-24 04:42:10 DEBUG migrate.versioning.script.base [-]  Loading script /usr/lib/python2.7/dist-packages/cinder/db/sqlalchemy/migrate_repo/versions/020_add_volume_admin_metadata_table.py... __init__ /usr/lib/python2.7/dist-packages/migrate/versioning/script/base.py:27
2014-02-24 04:42:10 DEBUG migrate.versioning.script.base [-]  Script /usr/lib/python2.7/dist-packages/cinder/db/sqlalchemy/migrate_repo/versions/020_add_volume_admin_metadata_table.py loaded successfully __init__ /usr/lib/python2.7/dist-packages/migrate/versioning/script/base.py:30
2014-02-24 04:42:10 DEBUG migrate.versioning.repository [-]  Repository /usr/lib/python2.7/dist-packages/cinder/db/sqlalchemy/migrate_repo loaded successfully __init__ /usr/lib/python2.7/dist-packages/migrate/versioning/repository.py:82
2014-02-24 04:42:10 DEBUG migrate.versioning.repository [-]  Config: OrderedDict([('db_settings', OrderedDict([('__name__', 'db_settings'), ('repository_id', 'cinder'), ('version_table', 'migrate_version'), ('required_dbs', '[]')]))]) __init__ /usr/lib/python2.7/dist-packages/migrate/versioning/repository.py:83
2014-02-24 09:00:33 DEBUG cinder.utils [-]  backend <module 'cinder.db.sqlalchemy.migration' from '/usr/lib/python2.7/dist-packages/cinder/db/sqlalchemy/migration.pyc'> __get_backend /usr/lib/python2.7/dist-packages/cinder/utils.py:429
2014-02-24 09:00:33 DEBUG migrate.versioning.repository [-]  Loading repository /usr/lib/python2.7/dist-packages/cinder/db/sqlalchemy/migrate_repo... __init__ /usr/lib/python2.7/dist-packages/migrate/versioning/repository.py:76
2014-02-24 09:00:33 DEBUG migrate.versioning.script.base [-]  Loading script /usr/lib/python2.7/dist-packages/cinder/db/sqlalchemy/migrate_repo/versions/001_cinder_init.py... __init__ /usr/lib/python2.7/dist-packages/migrate/versioning/script/base.py:27
2014-02-24 09:00:33 DEBUG migrate.versioning.script.base [-]  Script /usr/lib/python2.7/dist-packages/cinder/db/sqlalchemy/migrate_repo/versions/001_cinder_init.py loaded successfully __init__ /usr/lib/python2.7/dist-packages/migrate/versioning/script/base.py:30
2014-02-24 09:00:33 DEBUG migrate.versioning.script.base [-]  Loading script /usr/lib/python2.7/dist-packages/cinder/db/sqlalchemy/migrate_repo/versions/002_quota_class.py... __init__ /usr/lib/python2.7/dist-packages/migrate/versioning/script/base.py:27
2014-02-24 09:00:33 DEBUG migrate.versioning.script.base [-]  Script /usr/lib/python2.7/dist-packages/cinder/db/sqlalchemy/migrate_repo/versions/002_quota_class.py loaded successfully __init__ /usr/lib/python2.7/dist-packages/migrate/versioning/script/base.py:30
2014-02-24 09:00:33 DEBUG migrate.versioning.script.base [-]  Loading script /usr/lib/python2.7/dist-packages/cinder/db/sqlalchemy/migrate_repo/versions/003_glance_metadata.py... __init__ /usr/lib/python2.7/dist-packages/migrate/versioning/script/base.py:27
2014-02-24 09:00:33 DEBUG migrate.versioning.script.base [-]  Script /usr/lib/python2.7/dist-packages/cinder/db/sqlalchemy/migrate_repo/versions/003_glance_metadata.py loaded successfully __init__ /usr/lib/python2.7/dist-packages/migrate/versioning/script/base.py:30
2014-02-24 09:00:33 DEBUG migrate.versioning.script.base [-]  Loading script /usr/lib/python2.7/dist-packages/cinder/db/sqlalchemy/migrate_repo/versions/004_volume_type_to_uuid.py... __init__ /usr/lib/python2.7/dist-packages/migrate/versioning/script/base.py:27
2014-02-24 09:00:33 DEBUG migrate.versioning.script.base [-]  Script /usr/lib/python2.7/dist-packages/cinder/db/sqlalchemy/migrate_repo/versions/004_volume_type_to_uuid.py loaded successfully __init__ /usr/lib/python2.7/dist-packages/migrate/versioning/script/base.py:30
2014-02-24 09:00:33 DEBUG migrate.versioning.script.base [-]  Loading script /usr/lib/python2.7/dist-packages/cinder/db/sqlalchemy/migrate_repo/versions/005_sqlite_downgrade.sql... __init__ /usr/lib/python2.7/dist-packages/migrate/versioning/script/base.py:27
2014-02-24 09:00:33 DEBUG migrate.versioning.script.base [-]  Script /usr/lib/python2.7/dist-packages/cinder/db/sqlalchemy/migrate_repo/versions/005_sqlite_downgrade.sql loaded successfully __init__ /usr/lib/python2.7/dist-packages/migrate/versioning/script/base.py:30
2014-02-24 09:00:33 DEBUG migrate.versioning.script.base [-]  Loading script /usr/lib/python2.7/dist-packages/cinder/db/sqlalchemy/migrate_repo/versions/005_add_source_volume_column.py... __init__ /usr/lib/python2.7/dist-packages/migrate/versioning/script/base.py:27
2014-02-24 09:00:33 DEBUG migrate.versioning.script.base [-]  Script /usr/lib/python2.7/dist-packages/cinder/db/sqlalchemy/migrate_repo/versions/005_add_source_volume_column.py loaded successfully __init__ /usr/lib/python2.7/dist-packages/migrate/versioning/script/base.py:30
2014-02-24 09:00:33 DEBUG migrate.versioning.script.base [-]  Loading script /usr/lib/python2.7/dist-packages/cinder/db/sqlalchemy/migrate_repo/versions/006_snapshots_add_provider_location.py... __init__ /usr/lib/python2.7/dist-packages/migrate/versioning/script/base.py:27
2014-02-24 09:00:33 DEBUG migrate.versioning.script.base [-]  Script /usr/lib/python2.7/dist-packages/cinder/db/sqlalchemy/migrate_repo/versions/006_snapshots_add_provider_location.py loaded successfully __init__ /usr/lib/python2.7/dist-packages/migrate/versioning/script/base.py:30
2014-02-24 09:00:33 DEBUG migrate.versioning.script.base [-]  Loading script /usr/lib/python2.7/dist-packages/cinder/db/sqlalchemy/migrate_repo/versions/007_sqlite_downgrade.sql... __init__ /usr/lib/python2.7/dist-packages/migrate/versioning/script/base.py:27
2014-02-24 09:00:33 DEBUG migrate.versioning.script.base [-]  Script /usr/lib/python2.7/dist-packages/cinder/db/sqlalchemy/migrate_repo/versions/007_sqlite_downgrade.sql loaded successfully __init__ /usr/lib/python2.7/dist-packages/migrate/versioning/script/base.py:30
2014-02-24 09:00:33 DEBUG migrate.versioning.script.base [-]  Loading script /usr/lib/python2.7/dist-packages/cinder/db/sqlalchemy/migrate_repo/versions/007_add_volume_snapshot_fk.py... __init__ /usr/lib/python2.7/dist-packages/migrate/versioning/script/base.py:27
2014-02-24 09:00:33 DEBUG migrate.versioning.script.base [-]  Script /usr/lib/python2.7/dist-packages/cinder/db/sqlalchemy/migrate_repo/versions/007_add_volume_snapshot_fk.py loaded successfully __init__ /usr/lib/python2.7/dist-packages/migrate/versioning/script/base.py:30
2014-02-24 09:00:33 DEBUG migrate.versioning.script.base [-]  Loading script /usr/lib/python2.7/dist-packages/cinder/db/sqlalchemy/migrate_repo/versions/008_add_backup.py... __init__ /usr/lib/python2.7/dist-packages/migrate/versioning/script/base.py:27
2014-02-24 09:00:33 DEBUG migrate.versioning.script.base [-]  Script /usr/lib/python2.7/dist-packages/cinder/db/sqlalchemy/migrate_repo/versions/008_add_backup.py loaded successfully __init__ /usr/lib/python2.7/dist-packages/migrate/versioning/script/base.py:30
2014-02-24 09:00:33 DEBUG migrate.versioning.script.base [-]  Loading script /usr/lib/python2.7/dist-packages/cinder/db/sqlalchemy/migrate_repo/versions/009_add_snapshot_metadata_table.py... __init__ /usr/lib/python2.7/dist-packages/migrate/versioning/script/base.py:27
2014-02-24 09:00:33 DEBUG migrate.versioning.script.base [-]  Script /usr/lib/python2.7/dist-packages/cinder/db/sqlalchemy/migrate_repo/versions/009_add_snapshot_metadata_table.py loaded successfully __init__ /usr/lib/python2.7/dist-packages/migrate/versioning/script/base.py:30
2014-02-24 09:00:33 DEBUG migrate.versioning.script.base [-]  Loading script /usr/lib/python2.7/dist-packages/cinder/db/sqlalchemy/migrate_repo/versions/010_add_transfers_table.py... __init__ /usr/lib/python2.7/dist-packages/migrate/versioning/script/base.py:27
2014-02-24 09:00:33 DEBUG migrate.versioning.script.base [-]  Script /usr/lib/python2.7/dist-packages/cinder/db/sqlalchemy/migrate_repo/versions/010_add_transfers_table.py loaded successfully __init__ /usr/lib/python2.7/dist-packages/migrate/versioning/script/base.py:30
2014-02-24 09:00:33 DEBUG migrate.versioning.script.base [-]  Loading script /usr/lib/python2.7/dist-packages/cinder/db/sqlalchemy/migrate_repo/versions/011_sqlite_downgrade.sql... __init__ /usr/lib/python2.7/dist-packages/migrate/versioning/script/base.py:27
2014-02-24 09:00:33 DEBUG migrate.versioning.script.base [-]  Script /usr/lib/python2.7/dist-packages/cinder/db/sqlalchemy/migrate_repo/versions/011_sqlite_downgrade.sql loaded successfully __init__ /usr/lib/python2.7/dist-packages/migrate/versioning/script/base.py:30
2014-02-24 09:00:33 DEBUG migrate.versioning.script.base [-]  Loading script /usr/lib/python2.7/dist-packages/cinder/db/sqlalchemy/migrate_repo/versions/011_add_bootable_column.py... __init__ /usr/lib/python2.7/dist-packages/migrate/versioning/script/base.py:27
2014-02-24 09:00:33 DEBUG migrate.versioning.script.base [-]  Script /usr/lib/python2.7/dist-packages/cinder/db/sqlalchemy/migrate_repo/versions/011_add_bootable_column.py loaded successfully __init__ /usr/lib/python2.7/dist-packages/migrate/versioning/script/base.py:30
2014-02-24 09:00:33 DEBUG migrate.versioning.script.base [-]  Loading script /usr/lib/python2.7/dist-packages/cinder/db/sqlalchemy/migrate_repo/versions/012_add_attach_host_column.py... __init__ /usr/lib/python2.7/dist-packages/migrate/versioning/script/base.py:27
2014-02-24 09:00:33 DEBUG migrate.versioning.script.base [-]  Script /usr/lib/python2.7/dist-packages/cinder/db/sqlalchemy/migrate_repo/versions/012_add_attach_host_column.py loaded successfully __init__ /usr/lib/python2.7/dist-packages/migrate/versioning/script/base.py:30
2014-02-24 09:00:33 DEBUG migrate.versioning.script.base [-]  Loading script /usr/lib/python2.7/dist-packages/cinder/db/sqlalchemy/migrate_repo/versions/012_sqlite_downgrade.sql... __init__ /usr/lib/python2.7/dist-packages/migrate/versioning/script/base.py:27
2014-02-24 09:00:33 DEBUG migrate.versioning.script.base [-]  Script /usr/lib/python2.7/dist-packages/cinder/db/sqlalchemy/migrate_repo/versions/012_sqlite_downgrade.sql loaded successfully __init__ /usr/lib/python2.7/dist-packages/migrate/versioning/script/base.py:30
2014-02-24 09:00:33 DEBUG migrate.versioning.script.base [-]  Loading script /usr/lib/python2.7/dist-packages/cinder/db/sqlalchemy/migrate_repo/versions/013_add_provider_geometry_column.py... __init__ /usr/lib/python2.7/dist-packages/migrate/versioning/script/base.py:27
2014-02-24 09:00:33 DEBUG migrate.versioning.script.base [-]  Script /usr/lib/python2.7/dist-packages/cinder/db/sqlalchemy/migrate_repo/versions/013_add_provider_geometry_column.py loaded successfully __init__ /usr/lib/python2.7/dist-packages/migrate/versioning/script/base.py:30
2014-02-24 09:00:33 DEBUG migrate.versioning.script.base [-]  Loading script /usr/lib/python2.7/dist-packages/cinder/db/sqlalchemy/migrate_repo/versions/013_sqlite_downgrade.sql... __init__ /usr/lib/python2.7/dist-packages/migrate/versioning/script/base.py:27
2014-02-24 09:00:33 DEBUG migrate.versioning.script.base [-]  Script /usr/lib/python2.7/dist-packages/cinder/db/sqlalchemy/migrate_repo/versions/013_sqlite_downgrade.sql loaded successfully __init__ /usr/lib/python2.7/dist-packages/migrate/versioning/script/base.py:30
2014-02-24 09:00:33 DEBUG migrate.versioning.script.base [-]  Loading script /usr/lib/python2.7/dist-packages/cinder/db/sqlalchemy/migrate_repo/versions/014_add_name_id.py... __init__ /usr/lib/python2.7/dist-packages/migrate/versioning/script/base.py:27
2014-02-24 09:00:33 DEBUG migrate.versioning.script.base [-]  Script /usr/lib/python2.7/dist-packages/cinder/db/sqlalchemy/migrate_repo/versions/014_add_name_id.py loaded successfully __init__ /usr/lib/python2.7/dist-packages/migrate/versioning/script/base.py:30
2014-02-24 09:00:33 DEBUG migrate.versioning.script.base [-]  Loading script /usr/lib/python2.7/dist-packages/cinder/db/sqlalchemy/migrate_repo/versions/014_sqlite_downgrade.sql... __init__ /usr/lib/python2.7/dist-packages/migrate/versioning/script/base.py:27
2014-02-24 09:00:33 DEBUG migrate.versioning.script.base [-]  Script /usr/lib/python2.7/dist-packages/cinder/db/sqlalchemy/migrate_repo/versions/014_sqlite_downgrade.sql loaded successfully __init__ /usr/lib/python2.7/dist-packages/migrate/versioning/script/base.py:30
2014-02-24 09:00:33 DEBUG migrate.versioning.script.base [-]  Loading script /usr/lib/python2.7/dist-packages/cinder/db/sqlalchemy/migrate_repo/versions/015_drop_migrations_table.py... __init__ /usr/lib/python2.7/dist-packages/migrate/versioning/script/base.py:27
2014-02-24 09:00:33 DEBUG migrate.versioning.script.base [-]  Script /usr/lib/python2.7/dist-packages/cinder/db/sqlalchemy/migrate_repo/versions/015_drop_migrations_table.py loaded successfully __init__ /usr/lib/python2.7/dist-packages/migrate/versioning/script/base.py:30
2014-02-24 09:00:33 DEBUG migrate.versioning.script.base [-]  Loading script /usr/lib/python2.7/dist-packages/cinder/db/sqlalchemy/migrate_repo/versions/016_drop_sm_tables.py... __init__ /usr/lib/python2.7/dist-packages/migrate/versioning/script/base.py:27
2014-02-24 09:00:33 DEBUG migrate.versioning.script.base [-]  Script /usr/lib/python2.7/dist-packages/cinder/db/sqlalchemy/migrate_repo/versions/016_drop_sm_tables.py loaded successfully __init__ /usr/lib/python2.7/dist-packages/migrate/versioning/script/base.py:30
2014-02-24 09:00:33 DEBUG migrate.versioning.script.base [-]  Loading script /usr/lib/python2.7/dist-packages/cinder/db/sqlalchemy/migrate_repo/versions/017_add_encryption_information.py... __init__ /usr/lib/python2.7/dist-packages/migrate/versioning/script/base.py:27
2014-02-24 09:00:33 DEBUG migrate.versioning.script.base [-]  Script /usr/lib/python2.7/dist-packages/cinder/db/sqlalchemy/migrate_repo/versions/017_add_encryption_information.py loaded successfully __init__ /usr/lib/python2.7/dist-packages/migrate/versioning/script/base.py:30
2014-02-24 09:00:33 DEBUG migrate.versioning.script.base [-]  Loading script /usr/lib/python2.7/dist-packages/cinder/db/sqlalchemy/migrate_repo/versions/018_add_qos_specs.py... __init__ /usr/lib/python2.7/dist-packages/migrate/versioning/script/base.py:27
2014-02-24 09:00:33 DEBUG migrate.versioning.script.base [-]  Script /usr/lib/python2.7/dist-packages/cinder/db/sqlalchemy/migrate_repo/versions/018_add_qos_specs.py loaded successfully __init__ /usr/lib/python2.7/dist-packages/migrate/versioning/script/base.py:30
2014-02-24 09:00:33 DEBUG migrate.versioning.script.base [-]  Loading script /usr/lib/python2.7/dist-packages/cinder/db/sqlalchemy/migrate_repo/versions/019_add_migration_status.py... __init__ /usr/lib/python2.7/dist-packages/migrate/versioning/script/base.py:27
2014-02-24 09:00:33 DEBUG migrate.versioning.script.base [-]  Script /usr/lib/python2.7/dist-packages/cinder/db/sqlalchemy/migrate_repo/versions/019_add_migration_status.py loaded successfully __init__ /usr/lib/python2.7/dist-packages/migrate/versioning/script/base.py:30
2014-02-24 09:00:33 DEBUG migrate.versioning.script.base [-]  Loading script /usr/lib/python2.7/dist-packages/cinder/db/sqlalchemy/migrate_repo/versions/020_add_volume_admin_metadata_table.py... __init__ /usr/lib/python2.7/dist-packages/migrate/versioning/script/base.py:27
2014-02-24 09:00:33 DEBUG migrate.versioning.script.base [-]  Script /usr/lib/python2.7/dist-packages/cinder/db/sqlalchemy/migrate_repo/versions/020_add_volume_admin_metadata_table.py loaded successfully __init__ /usr/lib/python2.7/dist-packages/migrate/versioning/script/base.py:30
2014-02-24 09:00:33 DEBUG migrate.versioning.repository [-]  Repository /usr/lib/python2.7/dist-packages/cinder/db/sqlalchemy/migrate_repo loaded successfully __init__ /usr/lib/python2.7/dist-packages/migrate/versioning/repository.py:82
2014-02-24 09:00:33 DEBUG migrate.versioning.repository [-]  Config: OrderedDict([('db_settings', OrderedDict([('__name__', 'db_settings'), ('repository_id', 'cinder'), ('version_table', 'migrate_version'), ('required_dbs', '[]')]))]) __init__ /usr/lib/python2.7/dist-packages/migrate/versioning/repository.py:83
2014-02-25 01:20:31 DEBUG cinder.openstack.common.lockutils [req-44703b80-b2ea-4870-bb18-e5e7a0e8ae9a None None]  Got semaphore "dbapi_backend" for method "__get_backend"... inner /usr/lib/python2.7/dist-packages/cinder/openstack/common/lockutils.py:191
